Arguments: 
  /usr/local/bin/node /usr/local/Cellar/yarn/1.17.0/libexec/bin/yarn.js add typescript ts-node nodemom --dev

PATH: 
  /usr/local/bin:/Users/yykim/.nvm/versions/node/v10.16.0/bin:/Users/yykim/.rbenv/shims:/Users/yykim/.rbenv/bin:/usr/local/Cellar/pyenv-virtualenv/1.1.3/shims:/usr/local/var/pyenv/shims:/Users/yykim/bin:/usr/local/bin:/usr/local/bin:/usr/bin:/bin:/usr/sbin:/sbin

Yarn version: 
  1.17.0

Node version: 
  10.16.0

Platform: 
  darwin x64

Trace: 
  Error: https://registry.yarnpkg.com/nodemom: Not found
      at Request.params.callback [as _callback] (/usr/local/Cellar/yarn/1.17.0/libexec/lib/cli.js:66823:18)
      at Request.self.callback (/usr/local/Cellar/yarn/1.17.0/libexec/lib/cli.js:140439:22)
      at Request.emit (events.js:198:13)
      at Request.<anonymous> (/usr/local/Cellar/yarn/1.17.0/libexec/lib/cli.js:141411:10)
      at Request.emit (events.js:198:13)
      at IncomingMessage.<anonymous> (/usr/local/Cellar/yarn/1.17.0/libexec/lib/cli.js:141333:12)
      at Object.onceWrapper (events.js:286:20)
      at IncomingMessage.emit (events.js:203:15)
      at endReadableNT (_stream_readable.js:1129:12)
      at process._tickCallback (internal/process/next_tick.js:63:19)

npm manifest: 
  {
    "name": "uber_clone_server",
    "version": "1.0.0",
    "description": "Server for the Uber Clone Course on Nomad Academy. GraphQL, Typescript, NodeJS",
    "main": "index.js",
    "repository": "https://github.com/yykdev/uber_clone_server.git",
    "author": "yykdev <assavictory@gmail.com>",
    "license": "MIT"
  }

yarn manifest: 
  No manifest

Lockfile: 
  No lockfile
